2025-04-15 20:55:42 - Watchdog observer has been started
2025-04-15 20:59:41 - File deleted: ./watchdog/input/test.mp4
2025-04-15 20:59:41 - File modified: ./watchdog/input
2025-04-15 20:59:48 - New mp4 file discovered: ./watchdog/input/test.mp4
2025-04-15 20:59:48 - File modified: ./watchdog/input
2025-04-15 20:59:48 - File modified: ./watchdog/input/test.mp4
2025-04-15 20:59:48 - File modified: ./watchdog/input
2025-04-15 21:22:36 - Watchdog observer has been started
2025-04-15 21:30:35 - Watchdog observer has been started
2025-04-15 21:32:12 - New mp4 file discovered: ./recordings/input/2025-04-15_22-32-00.mp4
2025-04-15 21:32:12 - File modified: ./recordings/input
2025-04-15 21:32:12 - File modified: ./recordings/input/2025-04-15_22-32-00.mp4
2025-04-15 21:32:12 - File modified: ./recordings/input/2025-04-15_22-32-00.mp4
2025-04-15 21:32:12 - File modified: ./recordings/input/2025-04-15_22-32-00.mp4
2025-04-15 21:32:12 - File modified: ./recordings/input/2025-04-15_22-32-00.mp4
2025-04-15 21:32:12 - File modified: ./recordings/input/2025-04-15_22-32-00.mp4
2025-04-15 21:32:12 - File modified: ./recordings/input/2025-04-15_22-32-00.mp4
2025-04-15 21:32:12 - File modified: ./recordings/input/2025-04-15_22-32-00.mp4
2025-04-15 21:32:12 - File modified: ./recordings/input/2025-04-15_22-32-00.mp4
2025-04-15 21:32:12 - File modified: ./recordings/input
2025-04-15 21:36:48 - File deleted: ./recordings/input/test.mp4
2025-04-15 21:36:48 - File modified: ./recordings/input
2025-04-16 09:07:57 - Watchdog observer has been started
